Der Buildvorgang wurde am 11.10.2014 13:37:08 gestartet.
     1>Projekt "D:\Projects\GMod\gm_fsw\windows-vs2010\gmsv_example.vcxproj" auf Knoten "2", Build Ziel(e).
     1>InitializeBuildStatus:
         "obj\Release\gmsv_example.unsuccessfulbuild" wird erstellt, da "AlwaysCreate" angegeben wurde.
       GenerateTargetFrameworkMonikerAttribute:
       Das Ziel "GenerateTargetFrameworkMonikerAttribute" wird übersprungen, da alle Ausgabedateien hinsichtlich der Eingabedateien aktuell sind.
       ClCompile:
         D:\swdt\Microsoft Visual Studio 10.0\VC\bin\CL.exe /c /I..\..\include /AI"C:\Program Files (x86)\Reference Assemblies\Microsoft\Framework\.NETFramework\v4.0" /Zi /clr /nologo /W3 /WX- /Ox /Oy- /GL /D NDEBUG /D GMMODULE /D _WINDLL /D _MBCS /GF /Gm- /EHa /MD /GS /Gy /fp:fast /Zc:wchar_t /Zc:forScope /Fo"obj\Release\\" /Fd"obj\Release\vc100.pdb" /TP /FU"C:\Program Files (x86)\Reference Assemblies\Microsoft\Framework\.NETFramework\v4.0\mscorlib.dll" /analyze- /errorReport:prompt ..\src\gm_example.cpp /clr:nostdlib 
         gm_example.cpp
         Alle Ausgaben sind aktuell.
       Link:
         D:\swdt\Microsoft Visual Studio 10.0\VC\bin\link.exe /ERRORREPORT:PROMPT /OUT:"..\lib\windows\gmsv_example.dll" /INCREMENTAL:NO /NOLOGO kernel32.lib user32.lib gdi32.lib winspool.lib comdlg32.lib advapi32.lib shell32.lib ole32.lib oleaut32.lib uuid.lib odbc32.lib odbccp32.lib /MANIFEST /ManifestFile:"obj\Release\gmsv_example.dll.intermediate.manifest" /MANIFESTUAC:"level='asInvoker' uiAccess='false'" /DEBUG /PDB:"D:\Projects\GMod\gm_fsw\lib\windows\gmsv_example.pdb" /SUBSYSTEM:WINDOWS /OPT:REF /OPT:ICF /LTCG /TLBID:1 /DYNAMICBASE /FIXED:NO /NXCOMPAT /IMPLIB:"..\lib\windows\gmsv_example.lib" /MACHINE:X86 /DLL obj\Release\gm_example.obj
         "obj\Release\.NETFramework,Version=v4.0.AssemblyAttributes.obj"
            Creating library ..\lib\windows\gmsv_example.lib and object ..\lib\windows\gmsv_example.exp
         LINK : /LTCG specified but no code generation required; remove /LTCG from the link command line to improve linker performance
         gmsv_example.vcxproj -> D:\Projects\GMod\gm_fsw\windows-vs2010\..\lib\windows\gmsv_example.dll
       Manifest:
         C:\Program Files (x86)\Microsoft SDKs\Windows\v7.0A\bin\mt.exe /nologo /verbose /outputresource:"..\lib\windows\gmsv_example.dll;#2" /manifest obj\Release\gmsv_example.dll.intermediate.manifest
       FinalizeBuildStatus:
         Die Datei "obj\Release\gmsv_example.unsuccessfulbuild" wird gelöscht.
         Aktualisieren des Timestamps von "obj\Release\gmsv_example.lastbuildstate".
     1>Die Erstellung des Projekts "D:\Projects\GMod\gm_fsw\windows-vs2010\gmsv_example.vcxproj" ist abgeschlossen, Build Ziel(e).

Build erfolgreich.

Verstrichene Zeit 00:00:01.15
