Der Buildvorgang wurde am 11.10.2014 18:24:20 gestartet.
     1>Projekt "D:\Projects\GMod\gm_fsw\windows-vs2010\gmsv_fsw_win32.vcxproj" auf Knoten "2", Build Ziel(e).
     1>InitializeBuildStatus:
         "obj\Release\gmsv_fsw_win32.unsuccessfulbuild" wird erstellt, da "AlwaysCreate" angegeben wurde.
       GenerateTargetFrameworkMonikerAttribute:
       Das Ziel "GenerateTargetFrameworkMonikerAttribute" wird übersprungen, da alle Ausgabedateien hinsichtlich der Eingabedateien aktuell sind.
       ClCompile:
         Alle Ausgaben sind aktuell.
         Alle Ausgaben sind aktuell.
       Link:
         D:\swdt\Microsoft Visual Studio 10.0\VC\bin\link.exe /ERRORREPORT:PROMPT /OUT:"..\lib\windows\gmsv_fsw_win32.dll" /INCREMENTAL:NO /NOLOGO kernel32.lib user32.lib gdi32.lib winspool.lib comdlg32.lib advapi32.lib shell32.lib ole32.lib oleaut32.lib uuid.lib odbc32.lib odbccp32.lib /MANIFEST /ManifestFile:"obj\Release\gmsv_fsw_win32.dll.intermediate.manifest" /MANIFESTUAC:"level='asInvoker' uiAccess='false'" /DEBUG /PDB:"D:\Projects\GMod\gm_fsw\lib\windows\gmsv_fsw_win32.pdb" /SUBSYSTEM:WINDOWS /OPT:REF /OPT:ICF /LTCG /TLBID:1 /DYNAMICBASE /FIXED:NO /NXCOMPAT /IMPLIB:"..\lib\windows\gmsv_example.lib" /MACHINE:X86 /DLL obj\Release\gmsv_fsw_win32.obj
         "obj\Release\.NETFramework,Version=v4.0.AssemblyAttributes.obj"
            Creating library ..\lib\windows\gmsv_example.lib and object ..\lib\windows\gmsv_example.exp
         LINK : /LTCG specified but no code generation required; remove /LTCG from the link command line to improve linker performance
         gmsv_fsw_win32.vcxproj -> D:\Projects\GMod\gm_fsw\windows-vs2010\..\lib\windows\gmsv_fsw_win32.dll
       Manifest:
         C:\Program Files (x86)\Microsoft SDKs\Windows\v7.0A\bin\mt.exe /nologo /verbose /outputresource:"..\lib\windows\gmsv_fsw_win32.dll;#2" /manifest obj\Release\gmsv_fsw_win32.dll.intermediate.manifest
       FinalizeBuildStatus:
         Die Datei "obj\Release\gmsv_fsw_win32.unsuccessfulbuild" wird gelöscht.
         Aktualisieren des Timestamps von "obj\Release\gmsv_fsw_win32.lastbuildstate".
     1>Die Erstellung des Projekts "D:\Projects\GMod\gm_fsw\windows-vs2010\gmsv_fsw_win32.vcxproj" ist abgeschlossen, Build Ziel(e).

Build erfolgreich.

Verstrichene Zeit 00:00:00.27
